<?xml version="1.0" encoding="UTF-8"?>
<testsuite name="com.epam.cm.AcceptanceTestSuite" time="40.774" tests="26" errors="0" skipped="2" failures="0">
  <properties>
    <property name="idea.version" value="2016.2.5"/>
    <property name="java.runtime.name" value="Java(TM) SE Runtime Environment"/>
    <property name="sun.boot.library.path" value="C:\Program Files\Java\jdk1.8.0_101\jre\bin"/>
    <property name="java.vm.version" value="25.101-b13"/>
    <property name="java.vm.vendor" value="Oracle Corporation"/>
    <property name="java.vendor.url" value="http://java.oracle.com/"/>
    <property name="path.separator" value=";"/>
    <property name="guice.disable.misplaced.annotation.check" value="true"/>
    <property name="java.vm.name" value="Java HotSpot(TM) 64-Bit Server VM"/>
    <property name="file.encoding.pkg" value="sun.io"/>
    <property name="idea.launcher.port" value="7533"/>
    <property name="user.script" value=""/>
    <property name="user.country" value="US"/>
    <property name="sun.java.launcher" value="SUN_STANDARD"/>
    <property name="sun.os.patch.level" value=""/>
    <property name="java.vm.specification.name" value="Java Virtual Machine Specification"/>
    <property name="user.dir" value="C:\temp\CM"/>
    <property name="webdriver.driver" value="firefox"/>
    <property name="java.runtime.version" value="1.8.0_101-b13"/>
    <property name="java.awt.graphicsenv" value="sun.awt.Win32GraphicsEnvironment"/>
    <property name="java.endorsed.dirs" value="C:\Program Files\Java\jdk1.8.0_101\jre\lib\endorsed"/>
    <property name="os.arch" value="amd64"/>
    <property name="java.io.tmpdir" value="C:\Users\DENYS_~1\AppData\Local\Temp\"/>
    <property name="line.separator" value="&#10;"/>
    <property name="java.vm.specification.vendor" value="Oracle Corporation"/>
    <property name="user.variant" value=""/>
    <property name="os.name" value="Windows 10"/>
    <property name="classworlds.conf" value="C:\Program Files (x86)\JetBrains\IntelliJ IDEA 2016.2.5\plugins\maven\lib\maven3\bin\m2.conf"/>
    <property name="sun.jnu.encoding" value="Cp1251"/>
    <property name="java.library.path" value="C:\Program Files\Java\jdk1.8.0_101\bin;C:\WINDOWS\Sun\Java\bin;C:\WINDOWS\system32;C:\WINDOWS;C:\ProgramData\Oracle\Java\javapath;C:\WINDOWS\system32;C:\WINDOWS;C:\WINDOWS\System32\Wbem;C:\WINDOWS\System32\WindowsPowerShell\v1.0\;C:\Program Files\TortoiseSVN\bin;C:\Program Files (x86)\Skype\Phone\;c:\Program Files\Java\jdk1.8.0_101\bin;C:\Program Files\MySQL\MySQL Utilities 1.6\;C:\Users\Denys_Shmyhin\.dnx\bin;C:\Program Files\Microsoft DNX\Dnvm\;C:\Program Files\Microsoft SQL Server\130\Tools\Binn\;C:\Program Files\Git\cmd;C:\Program Files (x86)\PICT\;C:\Program Files (x86)\PuTTY\;C:\drivers ;."/>
    <property name="java.specification.name" value="Java Platform API Specification"/>
    <property name="java.class.version" value="52.0"/>
    <property name="sun.management.compiler" value="HotSpot 64-Bit Tiered Compilers"/>
    <property name="os.version" value="10.0"/>
    <property name="user.home" value="C:\Users\Denys_Shmyhin"/>
    <property name="user.timezone" value="Europe/Helsinki"/>
    <property name="java.awt.printerjob" value="sun.awt.windows.WPrinterJob"/>
    <property name="java.specification.version" value="1.8"/>
    <property name="idea.launcher.bin.path" value="C:\Program Files (x86)\JetBrains\IntelliJ IDEA 2016.2.5\bin"/>
    <property name="file.encoding" value="UTF-8"/>
    <property name="user.name" value="Denys_Shmyhin"/>
    <property name="java.class.path" value="C:\Program Files (x86)\JetBrains\IntelliJ IDEA 2016.2.5\plugins\maven\lib\maven3\boot\plexus-classworlds-2.4.jar;C:\Program Files (x86)\JetBrains\IntelliJ IDEA 2016.2.5\lib\idea_rt.jar"/>
    <property name="java.vm.specification.version" value="1.8"/>
    <property name="sun.arch.data.model" value="64"/>
    <property name="java.home" value="C:\Program Files\Java\jdk1.8.0_101\jre"/>
    <property name="sun.java.command" value="com.intellij.rt.execution.application.AppMain org.codehaus.classworlds.Launcher -Didea.version=2016.2.5 verify -Dwebdriver.driver=firefox"/>
    <property name="java.specification.vendor" value="Oracle Corporation"/>
    <property name="user.language" value="en"/>
    <property name="awt.toolkit" value="sun.awt.windows.WToolkit"/>
    <property name="java.vm.info" value="mixed mode"/>
    <property name="java.version" value="1.8.0_101"/>
    <property name="java.ext.dirs" value="C:\Program Files\Java\jdk1.8.0_101\jre\lib\ext;C:\WINDOWS\Sun\Java\lib\ext"/>
    <property name="sun.boot.class.path" value="C:\Program Files\Java\jdk1.8.0_101\jre\lib\resources.jar;C:\Program Files\Java\jdk1.8.0_101\jre\lib\rt.jar;C:\Program Files\Java\jdk1.8.0_101\jre\lib\sunrsasign.jar;C:\Program Files\Java\jdk1.8.0_101\jre\lib\jsse.jar;C:\Program Files\Java\jdk1.8.0_101\jre\lib\jce.jar;C:\Program Files\Java\jdk1.8.0_101\jre\lib\charsets.jar;C:\Program Files\Java\jdk1.8.0_101\jre\lib\jfr.jar;C:\Program Files\Java\jdk1.8.0_101\jre\classes"/>
    <property name="java.vendor" value="Oracle Corporation"/>
    <property name="maven.home" value="C:\Program Files (x86)\JetBrains\IntelliJ IDEA 2016.2.5\plugins\maven\lib\maven3"/>
    <property name="file.separator" value="\"/>
    <property name="java.vendor.url.bug" value="http://bugreport.sun.com/bugreport/"/>
    <property name="sun.cpu.endian" value="little"/>
    <property name="sun.io.unicode.encoding" value="UnicodeLittle"/>
    <property name="sun.desktop" value="windows"/>
    <property name="sun.cpu.isalist" value="amd64"/>
  </properties>
  <testcase name="BeforeStories" classname="java.lang.Object" time="0"/>
  <testcase name="Given user is on Home page" classname="com.epam.cm.steps.jbehave.LoginDefinitionsSteps" time="6.711"/>
  <testcase name="When user clicks &apos;Your Account&apos; button in page header" classname="com.epam.cm.steps.jbehave.LoginDefinitionsSteps" time="1.808"/>
  <testcase name="Then account menu is unfolding" classname="com.epam.cm.steps.jbehave.LoginDefinitionsSteps" time="1.599"/>
  <testcase name="Given user filled in login form:, " classname="com.epam.cm.steps.jbehave.LoginDefinitionsSteps" time="1.877"/>
  <testcase name="When user clicks SignIn button on login form" classname="com.epam.cm.steps.jbehave.LoginDefinitionsSteps" time="2.263"/>
  <testcase name="Then &apos;Your Account&apos; replaced by &apos;Speaker&apos;s Account&apos;" classname="com.epam.cm.steps.jbehave.LoginDefinitionsSteps" time="1.895"/>
  <testcase name="And there is &apos;Sign Out&apos; button in account menu" classname="com.epam.cm.steps.jbehave.LoginDefinitionsSteps" time="2.028"/>
  <testcase name="When user logs out" classname="com.epam.cm.steps.jbehave.LoginDefinitionsSteps" time="1.931"/>
  <testcase name="Then user is redirected to Home page" classname="com.epam.cm.steps.jbehave.LoginDefinitionsSteps" time="1.865"/>
  <testcase name="[PENDING] And there is &apos;Your Account&apos; button in page header, " classname="[PENDING] And there is &apos;Your Account&apos; button in page header, " time="0">
    <skipped/>
    <system-out><![CDATA[And there is 'Your Account' button in page header


Meta:

@regression @smoke (PENDING)
]]></system-out>
    <system-err><![CDATA[[pool-1-thread-1] INFO net.serenitybdd.core.Serenity - TEST PENDING
]]></system-err>
  </testcase>
  <testcase name="Scenario: User successfully logs in to the site" classname="Scenario: User successfully logs in to the site" time="2.544"/>
  <testcase name="Given user is on Home page​" classname="com.epam.cm.steps.jbehave.LoginDefinitionsSteps" time="1.89"/>
  <testcase name="When user clicks &apos;Your Account&apos; button in page header​" classname="com.epam.cm.steps.jbehave.LoginDefinitionsSteps" time="1.691"/>
  <testcase name="Then account menu is unfolding​" classname="com.epam.cm.steps.jbehave.LoginDefinitionsSteps" time="1.526"/>
  <testcase name="Given user filled in login form:, ​" classname="com.epam.cm.steps.jbehave.LoginDefinitionsSteps" time="1.855"/>
  <testcase name="When user clicks SignIn button on login form​" classname="com.epam.cm.steps.jbehave.LoginDefinitionsSteps" time="1.676"/>
  <testcase name="Then user still in login form" classname="com.epam.cm.steps.jbehave.LoginDefinitionsSteps" time="3.61"/>
  <testcase name="And password field is highlighted" classname="com.epam.cm.steps.jbehave.LoginDefinitionsSteps" time="1.508"/>
  <testcase name="And wrong password message is Your password is incorrect" classname="com.epam.cm.steps.jbehave.LoginDefinitionsSteps" time="0.506"/>
  <testcase name="Scenario: User unsuccessfully logs in to the site with invalid credentials" classname="Scenario: User unsuccessfully logs in to the site with invalid credentials" time="0.508"/>
  <testcase name="login.story" classname="login.story" time="0.882"/>
  <testcase name="[PENDING] Given test rest" classname="[PENDING] Given test rest" time="0">
    <skipped/>
    <system-out><![CDATA[Running story stories/new_login.story

(stories/new_login.story)
Meta:
@regression 
@smoke 

Narrative:
In order to gain access to all features of the site
As a n anonymous customer
I want to be able to login to my account

Meta:
@smoke @regression
Scenario: User successfully logs in to the site
Given test rest (PENDING)
]]></system-out>
    <system-err><![CDATA[[pool-1-thread-1] INFO net.serenitybdd.jbehave.embedders.monitors.ReportingEmbedderMonitor - 556488341story running with path stories/new_login.story
[pool-1-thread-1] INFO net.serenitybdd.core.Serenity - Test Suite Started: New login
[pool-1-thread-1] INFO net.serenitybdd.core.Serenity - 
 _____ _____ ____ _____   ____ _____  _    ____ _____ _____ ____  
|_   _| ____/ ___|_   _| / ___|_   _|/ \  |  _ \_   _| ____|  _ \ 
  | | |  _| \___ \ | |   \___ \ | | / _ \ | |_) || | |  _| | | | |
  | | | |___ ___) || |    ___) || |/ ___ \|  _ < | | | |___| |_| |
  |_| |_____|____/ |_|   |____/ |_/_/   \_\_| \_\|_| |_____|____/ 
                                                                  

TEST STARTED: User successfully logs in to the site
-------------------------------------------------------------------
[pool-1-thread-1] INFO net.serenitybdd.core.Serenity - TEST PENDING
]]></system-err>
  </testcase>
  <testcase name="Scenario: User successfully logs in to the site​" classname="Scenario: User successfully logs in to the site​" time="0"/>
  <testcase name="new_login.story" classname="new_login.story" time="0"/>
  <testcase name="AfterStories" classname="java.lang.Object" time="0.601"/>
</testsuite>